# JRE version: OpenJDK Runtime Environment Temurin-21.0.9+10 (21.0.9+10) (build 21.0.9+10-LTS)
# Java VM: OpenJDK 64-Bit Server VM Temurin-21.0.9+10 (21.0.9+10-LTS, mixed mode, sharing, tiered, compressed oops, compressed class ptrs, parallel gc, windows-amd64)
GC Precious Log:
 CardTable entry size: 512
 CPUs: 16 total, 16 available
 Memory: 16085M
 Large Page Support: Disabled
 NUMA Support: Disabled
 Compressed Oops: Enabled (32-bit)
 Alignments: Space 512K, Generation 512K, Heap 2M
 Heap Min Capacity: 100M
 Heap Initial Capacity: 100M
 Heap Max Capacity: 2G
 Pre-touch: Disabled
 Parallel Workers: 13
Heap:
 PSYoungGen      total 5120K, used 2099K [0x00000000d5580000, 0x00000000d5d80000, 0x0000000100000000)
  eden space 4608K, 37% used [0x00000000d5580000,0x00000000d572cc00,0x00000000d5a00000)
  from space 512K, 75% used [0x00000000d5c80000,0x00000000d5ce0000,0x00000000d5d00000)
  to   space 512K, 0% used [0x00000000d5d00000,0x00000000d5d00000,0x00000000d5d80000)
 ParOldGen       total 634368K, used 634241K [0x0000000080000000, 0x00000000a6b80000, 0x00000000d5580000)
  object space 634368K, 99% used [0x0000000080000000,0x00000000a6b604b8,0x00000000a6b80000)
 Metaspace       used 76193K, committed 77824K, reserved 1179648K
  class space    used 7590K, committed 8320K, reserved 1048576K
GC Heap History (20 events):
Event: 9502.123 GC heap before
{Heap before GC invocations=682 (full 4):
 PSYoungGen      total 5632K, used 5613K [0x00000000d5580000, 0x00000000d6300000, 0x0000000100000000)
  eden space 4608K, 100% used [0x00000000d5580000,0x00000000d5a00000,0x00000000d5a00000)
  from space 1024K, 98% used [0x00000000d5c80000,0x00000000d5d7b650,0x00000000d5d80000)
  to   space 4608K, 0% used [0x00000000d5e80000,0x00000000d5e80000,0x00000000d6300000)
 ParOldGen       total 632832K, used 632751K [0x0000000080000000, 0x00000000a6a00000, 0x00000000d5580000)
  object space 632832K, 99% used [0x0000000080000000,0x00000000a69ebfb8,0x00000000a6a00000)
 Metaspace       used 76113K, committed 77696K, reserved 1179648K
  class space    used 7588K, committed 8320K, reserved 1048576K
}
Event: 9502.130 GC heap after
{Heap after GC invocations=682 (full 4):
 PSYoungGen      total 7168K, used 2413K [0x00000000d5580000, 0x00000000d6100000, 0x0000000100000000)
  eden space 4608K, 0% used [0x00000000d5580000,0x00000000d5580000,0x00000000d5a00000)
  from space 2560K, 94% used [0x00000000d5e80000,0x00000000d60db650,0x00000000d6100000)
  to   space 3072K, 0% used [0x00000000d5b00000,0x00000000d5b00000,0x00000000d5e00000)
 ParOldGen       total 633344K, used 633006K [0x0000000080000000, 0x00000000a6a80000, 0x00000000d5580000)
  object space 633344K, 99% used [0x0000000080000000,0x00000000a6a2b9f8,0x00000000a6a80000)
 Metaspace       used 76113K, committed 77696K, reserved 1179648K
  class space    used 7588K, committed 8320K, reserved 1048576K
}
Event: 9502.506 GC heap before
{Heap before GC invocations=683 (full 4):
 PSYoungGen      total 7168K, used 7021K [0x00000000d5580000, 0x00000000d6100000, 0x0000000100000000)
  eden space 4608K, 100% used [0x00000000d5580000,0x00000000d5a00000,0x00000000d5a00000)
  from space 2560K, 94% used [0x00000000d5e80000,0x00000000d60db650,0x00000000d6100000)
  to   space 3072K, 0% used [0x00000000d5b00000,0x00000000d5b00000,0x00000000d5e00000)
 ParOldGen       total 633344K, used 633006K [0x0000000080000000, 0x00000000a6a80000, 0x00000000d5580000)
  object space 633344K, 99% used [0x0000000080000000,0x00000000a6a2b9f8,0x00000000a6a80000)
 Metaspace       used 76113K, committed 77696K, reserved 1179648K
  class space    used 7588K, committed 8320K, reserved 1048576K
}
Event: 9502.510 GC heap after
{Heap after GC invocations=683 (full 4):
 PSYoungGen      total 5120K, used 352K [0x00000000d5580000, 0x00000000d5f00000, 0x0000000100000000)
  eden space 4608K, 0% used [0x00000000d5580000,0x00000000d5580000,0x00000000d5a00000)
  from space 512K, 68% used [0x00000000d5b00000,0x00000000d5b58020,0x00000000d5b80000)
  to   space 1536K, 0% used [0x00000000d5d80000,0x00000000d5d80000,0x00000000d5f00000)
 ParOldGen       total 633344K, used 633030K [0x0000000080000000, 0x00000000a6a80000, 0x00000000d5580000)
  object space 633344K, 99% used [0x0000000080000000,0x00000000a6a319f8,0x00000000a6a80000)
 Metaspace       used 76113K, committed 77696K, reserved 1179648K
  class space    used 7588K, committed 8320K, reserved 1048576K
}
Event: 9552.123 GC heap before
{Heap before GC invocations=684 (full 4):
 PSYoungGen      total 5120K, used 4960K [0x00000000d5580000, 0x00000000d5f00000, 0x0000000100000000)
  eden space 4608K, 100% used [0x00000000d5580000,0x00000000d5a00000,0x00000000d5a00000)
  from space 512K, 68% used [0x00000000d5b00000,0x00000000d5b58020,0x00000000d5b80000)
  to   space 1536K, 0% used [0x00000000d5d80000,0x00000000d5d80000,0x00000000d5f00000)
 ParOldGen       total 633344K, used 633030K [0x0000000080000000, 0x00000000a6a80000, 0x00000000d5580000)
  object space 633344K, 99% used [0x0000000080000000,0x00000000a6a319f8,0x00000000a6a80000)
 Metaspace       used 76116K, committed 77696K, reserved 1179648K
  class space    used 7588K, committed 8320K, reserved 1048576K
}
Event: 9552.127 GC heap after
{Heap after GC invocations=684 (full 4):
 PSYoungGen      total 5632K, used 960K [0x00000000d5580000, 0x00000000d5e80000, 0x0000000100000000)
  eden space 4608K, 0% used [0x00000000d5580000,0x00000000d5580000,0x00000000d5a00000)
  from space 1024K, 93% used [0x00000000d5d80000,0x00000000d5e70000,0x00000000d5e80000)
  to   space 1536K, 0% used [0x00000000d5b80000,0x00000000d5b80000,0x00000000d5d00000)
 ParOldGen       total 633344K, used 633142K [0x0000000080000000, 0x00000000a6a80000, 0x00000000d5580000)
  object space 633344K, 99% used [0x0000000080000000,0x00000000a6a4da18,0x00000000a6a80000)
 Metaspace       used 76116K, committed 77696K, reserved 1179648K
  class space    used 7588K, committed 8320K, reserved 1048576K
}
Event: 9552.260 GC heap before
{Heap before GC invocations=685 (full 4):
 PSYoungGen      total 5632K, used 5568K [0x00000000d5580000, 0x00000000d5e80000, 0x0000000100000000)
  eden space 4608K, 100% used [0x00000000d5580000,0x00000000d5a00000,0x00000000d5a00000)
  from space 1024K, 93% used [0x00000000d5d80000,0x00000000d5e70000,0x00000000d5e80000)
  to   space 1536K, 0% used [0x00000000d5b80000,0x00000000d5b80000,0x00000000d5d00000)
 ParOldGen       total 633344K, used 633142K [0x0000000080000000, 0x00000000a6a80000, 0x00000000d5580000)
  object space 633344K, 99% used [0x0000000080000000,0x00000000a6a4da18,0x00000000a6a80000)
 Metaspace       used 76116K, committed 77696K, reserved 1179648K
  class space    used 7588K, committed 8320K, reserved 1048576K
}
Event: 9552.262 GC heap after
{Heap after GC invocations=685 (full 4):
 PSYoungGen      total 6144K, used 416K [0x00000000d5580000, 0x00000000d5e00000, 0x0000000100000000)
  eden space 4608K, 0% used [0x00000000d5580000,0x00000000d5580000,0x00000000d5a00000)
  from space 1536K, 27% used [0x00000000d5b80000,0x00000000d5be8000,0x00000000d5d00000)
  to   space 1024K, 0% used [0x00000000d5d00000,0x00000000d5d00000,0x00000000d5e00000)
 ParOldGen       total 633856K, used 633769K [0x0000000080000000, 0x00000000a6b00000, 0x00000000d5580000)
  object space 633856K, 99% used [0x0000000080000000,0x00000000a6aea478,0x00000000a6b00000)
 Metaspace       used 76116K, committed 77696K, reserved 1179648K
  class space    used 7588K, committed 8320K, reserved 1048576K
}
Event: 9853.772 GC heap before
{Heap before GC invocations=686 (full 4):
 PSYoungGen      total 6144K, used 5024K [0x00000000d5580000, 0x00000000d5e00000, 0x0000000100000000)
  eden space 4608K, 100% used [0x00000000d5580000,0x00000000d5a00000,0x00000000d5a00000)
  from space 1536K, 27% used [0x00000000d5b80000,0x00000000d5be8000,0x00000000d5d00000)
  to   space 1024K, 0% used [0x00000000d5d00000,0x00000000d5d00000,0x00000000d5e00000)
 ParOldGen       total 633856K, used 633769K [0x0000000080000000, 0x00000000a6b00000, 0x00000000d5580000)
  object space 633856K, 99% used [0x0000000080000000,0x00000000a6aea478,0x00000000a6b00000)
 Metaspace       used 76138K, committed 77696K, reserved 1179648K
  class space    used 7589K, committed 8320K, reserved 1048576K
}
Event: 9853.776 GC heap after
{Heap after GC invocations=686 (full 4):
 PSYoungGen      total 5120K, used 320K [0x00000000d5580000, 0x00000000d5d80000, 0x0000000100000000)
  eden space 4608K, 0% used [0x00000000d5580000,0x00000000d5580000,0x00000000d5a00000)
  from space 512K, 62% used [0x00000000d5d00000,0x00000000d5d50000,0x00000000d5d80000)
  to   space 512K, 0% used [0x00000000d5c80000,0x00000000d5c80000,0x00000000d5d00000)
 ParOldGen       total 633856K, used 633777K [0x0000000080000000, 0x00000000a6b00000, 0x00000000d5580000)
  object space 633856K, 99% used [0x0000000080000000,0x00000000a6aec478,0x00000000a6b00000)
 Metaspace       used 76138K, committed 77696K, reserved 1179648K
  class space    used 7589K, committed 8320K, reserved 1048576K
}
Event: 10153.849 GC heap before
{Heap before GC invocations=687 (full 4):
 PSYoungGen      total 5120K, used 4928K [0x00000000d5580000, 0x00000000d5d80000, 0x0000000100000000)
  eden space 4608K, 100% used [0x00000000d5580000,0x00000000d5a00000,0x00000000d5a00000)
  from space 512K, 62% used [0x00000000d5d00000,0x00000000d5d50000,0x00000000d5d80000)
  to   space 512K, 0% used [0x00000000d5c80000,0x00000000d5c80000,0x00000000d5d00000)
 ParOldGen       total 633856K, used 633777K [0x0000000080000000, 0x00000000a6b00000, 0x00000000d5580000)
  object space 633856K, 99% used [0x0000000080000000,0x00000000a6aec478,0x00000000a6b00000)
 Metaspace       used 76142K, committed 77760K, reserved 1179648K
  class space    used 7589K, committed 8320K, reserved 1048576K
}
Event: 10153.851 GC heap after
{Heap after GC invocations=687 (full 4):
 PSYoungGen      total 5120K, used 320K [0x00000000d5580000, 0x00000000d5d80000, 0x0000000100000000)
  eden space 4608K, 0% used [0x00000000d5580000,0x00000000d5580000,0x00000000d5a00000)
  from space 512K, 62% used [0x00000000d5c80000,0x00000000d5cd0000,0x00000000d5d00000)
  to   space 512K, 0% used [0x00000000d5d00000,0x00000000d5d00000,0x00000000d5d80000)
 ParOldGen       total 634368K, used 633865K [0x0000000080000000, 0x00000000a6b80000, 0x00000000d5580000)
  object space 634368K, 99% used [0x0000000080000000,0x00000000a6b02478,0x00000000a6b80000)
 Metaspace       used 76142K, committed 77760K, reserved 1179648K
  class space    used 7589K, committed 8320K, reserved 1048576K
}
Event: 11251.977 GC heap before
{Heap before GC invocations=688 (full 4):
 PSYoungGen      total 5120K, used 4912K [0x00000000d5580000, 0x00000000d5d80000, 0x0000000100000000)
  eden space 4608K, 99% used [0x00000000d5580000,0x00000000d59fc308,0x00000000d5a00000)
  from space 512K, 62% used [0x00000000d5c80000,0x00000000d5cd0000,0x00000000d5d00000)
  to   space 512K, 0% used [0x00000000d5d00000,0x00000000d5d00000,0x00000000d5d80000)
 ParOldGen       total 634368K, used 633865K [0x0000000080000000, 0x00000000a6b80000, 0x00000000d5580000)
  object space 634368K, 99% used [0x0000000080000000,0x00000000a6b02478,0x00000000a6b80000)
 Metaspace       used 76150K, committed 77824K, reserved 1179648K
  class space    used 7589K, committed 8320K, reserved 1048576K
}
Event: 11252.012 GC heap after
{Heap after GC invocations=688 (full 4):
 PSYoungGen      total 5120K, used 384K [0x00000000d5580000, 0x00000000d5d80000, 0x0000000100000000)
  eden space 4608K, 0% used [0x00000000d5580000,0x00000000d5580000,0x00000000d5a00000)
  from space 512K, 75% used [0x00000000d5d00000,0x00000000d5d60000,0x00000000d5d80000)
  to   space 512K, 0% used [0x00000000d5c80000,0x00000000d5c80000,0x00000000d5d00000)
 ParOldGen       total 634368K, used 633921K [0x0000000080000000, 0x00000000a6b80000, 0x00000000d5580000)
  object space 634368K, 99% used [0x0000000080000000,0x00000000a6b10478,0x00000000a6b80000)
 Metaspace       used 76150K, committed 77824K, reserved 1179648K
  class space    used 7589K, committed 8320K, reserved 1048576K
}
Event: 11485.829 GC heap before
{Heap before GC invocations=689 (full 4):
 PSYoungGen      total 5120K, used 4991K [0x00000000d5580000, 0x00000000d5d80000, 0x0000000100000000)
  eden space 4608K, 99% used [0x00000000d5580000,0x00000000d59ffff0,0x00000000d5a00000)
  from space 512K, 75% used [0x00000000d5d00000,0x00000000d5d60000,0x00000000d5d80000)
  to   space 512K, 0% used [0x00000000d5c80000,0x00000000d5c80000,0x00000000d5d00000)
 ParOldGen       total 634368K, used 633921K [0x0000000080000000, 0x00000000a6b80000, 0x00000000d5580000)
  object space 634368K, 99% used [0x0000000080000000,0x00000000a6b10478,0x00000000a6b80000)
 Metaspace       used 76161K, committed 77824K, reserved 1179648K
  class space    used 7590K, committed 8320K, reserved 1048576K
}
Event: 11485.837 GC heap after
{Heap after GC invocations=689 (full 4):
 PSYoungGen      total 5120K, used 480K [0x00000000d5580000, 0x00000000d5d80000, 0x0000000100000000)
  eden space 4608K, 0% used [0x00000000d5580000,0x00000000d5580000,0x00000000d5a00000)
  from space 512K, 93% used [0x00000000d5c80000,0x00000000d5cf8030,0x00000000d5d00000)
  to   space 512K, 0% used [0x00000000d5d00000,0x00000000d5d00000,0x00000000d5d80000)
 ParOldGen       total 634368K, used 634025K [0x0000000080000000, 0x00000000a6b80000, 0x00000000d5580000)
  object space 634368K, 99% used [0x0000000080000000,0x00000000a6b2a488,0x00000000a6b80000)
 Metaspace       used 76161K, committed 77824K, reserved 1179648K
  class space    used 7590K, committed 8320K, reserved 1048576K
}
Event: 11485.921 GC heap before
{Heap before GC invocations=690 (full 4):
 PSYoungGen      total 5120K, used 5088K [0x00000000d5580000, 0x00000000d5d80000, 0x0000000100000000)
  eden space 4608K, 100% used [0x00000000d5580000,0x00000000d5a00000,0x00000000d5a00000)
  from space 512K, 93% used [0x00000000d5c80000,0x00000000d5cf8030,0x00000000d5d00000)
  to   space 512K, 0% used [0x00000000d5d00000,0x00000000d5d00000,0x00000000d5d80000)
 ParOldGen       total 634368K, used 634025K [0x0000000080000000, 0x00000000a6b80000, 0x00000000d5580000)
  object space 634368K, 99% used [0x0000000080000000,0x00000000a6b2a488,0x00000000a6b80000)
 Metaspace       used 76161K, committed 77824K, reserved 1179648K
  class space    used 7590K, committed 8320K, reserved 1048576K
}
Event: 11485.924 GC heap after
{Heap after GC invocations=690 (full 4):
 PSYoungGen      total 5120K, used 352K [0x00000000d5580000, 0x00000000d5d80000, 0x0000000100000000)
  eden space 4608K, 0% used [0x00000000d5580000,0x00000000d5580000,0x00000000d5a00000)
  from space 512K, 68% used [0x00000000d5d00000,0x00000000d5d58000,0x00000000d5d80000)
  to   space 512K, 0% used [0x00000000d5c80000,0x00000000d5c80000,0x00000000d5d00000)
 ParOldGen       total 634368K, used 634209K [0x0000000080000000, 0x00000000a6b80000, 0x00000000d5580000)
  object space 634368K, 99% used [0x0000000080000000,0x00000000a6b584b8,0x00000000a6b80000)
 Metaspace       used 76161K, committed 77824K, reserved 1179648K
  class space    used 7590K, committed 8320K, reserved 1048576K
}
Event: 11725.988 GC heap before
{Heap before GC invocations=691 (full 4):
 PSYoungGen      total 5120K, used 4960K [0x00000000d5580000, 0x00000000d5d80000, 0x0000000100000000)
  eden space 4608K, 100% used [0x00000000d5580000,0x00000000d5a00000,0x00000000d5a00000)
  from space 512K, 68% used [0x00000000d5d00000,0x00000000d5d58000,0x00000000d5d80000)
  to   space 512K, 0% used [0x00000000d5c80000,0x00000000d5c80000,0x00000000d5d00000)
 ParOldGen       total 634368K, used 634209K [0x0000000080000000, 0x00000000a6b80000, 0x00000000d5580000)
  object space 634368K, 99% used [0x0000000080000000,0x00000000a6b584b8,0x00000000a6b80000)
 Metaspace       used 76182K, committed 77824K, reserved 1179648K
  class space    used 7590K, committed 8320K, reserved 1048576K
}
Event: 11725.993 GC heap after
{Heap after GC invocations=691 (full 4):
 PSYoungGen      total 5120K, used 384K [0x00000000d5580000, 0x00000000d5d80000, 0x0000000100000000)
  eden space 4608K, 0% used [0x00000000d5580000,0x00000000d5580000,0x00000000d5a00000)
  from space 512K, 75% used [0x00000000d5c80000,0x00000000d5ce0000,0x00000000d5d00000)
  to   space 512K, 0% used [0x00000000d5d00000,0x00000000d5d00000,0x00000000d5d80000)
 ParOldGen       total 634368K, used 634241K [0x0000000080000000, 0x00000000a6b80000, 0x00000000d5580000)
  object space 634368K, 99% used [0x0000000080000000,0x00000000a6b604b8,0x00000000a6b80000)
 Metaspace       used 76182K, committed 77824K, reserved 1179648K
  class space    used 7590K, committed 8320K, reserved 1048576K
}

